<?xml version="1.0" encoding="UTF-8"?>
<coverage generated="1711161979472" clover="3.2.0">
  <project timestamp="1711161979472" name="All files">
    <metrics statements="65" coveredstatements="65" conditionals="7" coveredconditionals="7" methods="4" coveredmethods="4" elements="76" coveredelements="76" complexity="0" loc="65" ncloc="65" packages="1" files="2" classes="2"/>
    <file name="create-table.use-case.ts" path="/home/jesscp25/proyectosPersonales/express/multiplication-app/src/domain/use-cases/create-table.use-case.ts">
      <metrics statements="35" coveredstatements="35" conditionals="4" coveredconditionals="4" methods="2" coveredmethods="2"/>
      <line num="1" count="1" type="stmt"/>
      <line num="2" count="1" type="stmt"/>
      <line num="3" count="1" type="stmt"/>
      <line num="4" count="1" type="stmt"/>
      <line num="5" count="1" type="stmt"/>
      <line num="6" count="1" type="stmt"/>
      <line num="7" count="1" type="stmt"/>
      <line num="8" count="1" type="stmt"/>
      <line num="9" count="1" type="stmt"/>
      <line num="10" count="1" type="stmt"/>
      <line num="11" count="1" type="cond" truecount="1" falsecount="0"/>
      <line num="12" count="1" type="stmt"/>
      <line num="13" count="1" type="cond" truecount="1" falsecount="0"/>
      <line num="14" count="2" type="stmt"/>
      <line num="15" count="2" type="stmt"/>
      <line num="16" count="2" type="stmt"/>
      <line num="17" count="2" type="stmt"/>
      <line num="18" count="2" type="stmt"/>
      <line num="19" count="2" type="stmt"/>
      <line num="20" count="2" type="stmt"/>
      <line num="21" count="2" type="stmt"/>
      <line num="22" count="2" type="cond" truecount="1" falsecount="0"/>
      <line num="23" count="30" type="stmt"/>
      <line num="24" count="30" type="stmt"/>
      <line num="25" count="30" type="stmt"/>
      <line num="26" count="30" type="cond" truecount="1" falsecount="0"/>
      <line num="27" count="28" type="stmt"/>
      <line num="28" count="28" type="stmt"/>
      <line num="29" count="30" type="stmt"/>
      <line num="30" count="2" type="stmt"/>
      <line num="31" count="2" type="stmt"/>
      <line num="32" count="2" type="stmt"/>
      <line num="33" count="2" type="stmt"/>
      <line num="34" count="2" type="stmt"/>
      <line num="35" count="1" type="stmt"/>
    </file>
    <file name="save-file.use-case.ts" path="/home/jesscp25/proyectosPersonales/express/multiplication-app/src/domain/use-cases/save-file.use-case.ts">
      <metrics statements="30" coveredstatements="30" conditionals="3" coveredconditionals="3" methods="2" coveredmethods="2"/>
      <line num="1" count="1" type="stmt"/>
      <line num="2" count="1" type="stmt"/>
      <line num="3" count="1" type="stmt"/>
      <line num="4" count="1" type="stmt"/>
      <line num="5" count="1" type="stmt"/>
      <line num="6" count="1" type="stmt"/>
      <line num="7" count="1" type="stmt"/>
      <line num="8" count="1" type="stmt"/>
      <line num="9" count="1" type="stmt"/>
      <line num="10" count="1" type="stmt"/>
      <line num="11" count="1" type="stmt"/>
      <line num="12" count="1" type="stmt"/>
      <line num="13" count="1" type="stmt"/>
      <line num="14" count="1" type="cond" truecount="1" falsecount="0"/>
      <line num="15" count="1" type="stmt"/>
      <line num="16" count="1" type="cond" truecount="1" falsecount="0"/>
      <line num="17" count="4" type="stmt"/>
      <line num="18" count="4" type="stmt"/>
      <line num="19" count="4" type="stmt"/>
      <line num="20" count="4" type="stmt"/>
      <line num="21" count="4" type="stmt"/>
      <line num="22" count="4" type="stmt"/>
      <line num="23" count="4" type="stmt"/>
      <line num="24" count="4" type="stmt"/>
      <line num="25" count="4" type="cond" truecount="1" falsecount="0"/>
      <line num="26" count="2" type="stmt"/>
      <line num="27" count="2" type="stmt"/>
      <line num="28" count="2" type="stmt"/>
      <line num="29" count="4" type="stmt"/>
      <line num="30" count="1" type="stmt"/>
    </file>
  </project>
</coverage>
