TN:
SF:src/domain/use-cases/create-table.use-case.ts
FN:11,CreateTable
FN:13,execute
FNF:2
FNH:2
FNDA:2,CreateTable
FNDA:2,execute
DA:1,1
DA:2,1
DA:3,1
DA:4,1
DA:5,1
DA:6,1
DA:7,1
DA:8,1
DA:9,1
DA:10,1
DA:11,1
DA:12,1
DA:13,1
DA:14,2
DA:15,2
DA:16,2
DA:17,2
DA:18,2
DA:19,2
DA:20,2
DA:21,2
DA:22,2
DA:23,30
DA:24,30
DA:25,30
DA:26,30
DA:27,28
DA:28,28
DA:29,30
DA:30,2
DA:31,2
DA:32,2
DA:33,2
DA:34,2
DA:35,1
LF:35
LH:35
BRDA:11,0,0,2
BRDA:13,1,0,2
BRDA:22,2,0,30
BRDA:26,3,0,28
BRF:4
BRH:4
end_of_record
TN:
SF:src/domain/use-cases/save-file.use-case.ts
FN:14,SaveFile
FN:16,execute
FNF:2
FNH:2
FNDA:4,SaveFile
FNDA:4,execute
DA:1,1
DA:2,1
DA:3,1
DA:4,1
DA:5,1
DA:6,1
DA:7,1
DA:8,1
DA:9,1
DA:10,1
DA:11,1
DA:12,1
DA:13,1
DA:14,1
DA:15,1
DA:16,1
DA:17,4
DA:18,4
DA:19,4
DA:20,4
DA:21,4
DA:22,4
DA:23,4
DA:24,4
DA:25,4
DA:26,2
DA:27,2
DA:28,2
DA:29,4
DA:30,1
LF:30
LH:30
BRDA:14,0,0,4
BRDA:16,1,0,4
BRDA:25,2,0,2
BRF:3
BRH:3
end_of_record
